ERROR:    Error loading ASGI app. Could not import module "main".
ERROR:    Error loading ASGI app. Could not import module "main".
ERROR:    Error loading ASGI app. Could not import module "main".
Error while getting Updates: Conflict: terminated by other getUpdates request; make sure that only one bot instance is running
Traceback (most recent call last):
  File "/usr/local/lib/python3.10/dist-packages/telegram/ext/_updater.py", line 640, in _network_loop_retry
    if not await action_cb():
  File "/usr/local/lib/python3.10/dist-packages/telegram/ext/_updater.py", line 345, in polling_action_cb
    raise exc
  File "/usr/local/lib/python3.10/dist-packages/telegram/ext/_updater.py", line 334, in polling_action_cb
    updates = await self.bot.get_updates(
  File "/usr/local/lib/python3.10/dist-packages/telegram/ext/_extbot.py", line 565, in get_updates
    updates = await super().get_updates(
  File "/usr/local/lib/python3.10/dist-packages/telegram/_bot.py", line 519, in decorator
    result = await func(self, *args, **kwargs)  # skipcq: PYL-E1102
  File "/usr/local/lib/python3.10/dist-packages/telegram/_bot.py", line 3562, in get_updates
    await self._post(
  File "/usr/local/lib/python3.10/dist-packages/telegram/_bot.py", line 607, in _post
    return await self._do_post(
  File "/usr/local/lib/python3.10/dist-packages/telegram/ext/_extbot.py", line 347, in _do_post
    return await super()._do_post(
  File "/usr/local/lib/python3.10/dist-packages/telegram/_bot.py", line 635, in _do_post
    return await request.post(
  File "/usr/local/lib/python3.10/dist-packages/telegram/request/_baserequest.py", line 168, in post
    result = await self._request_wrapper(
  File "/usr/local/lib/python3.10/dist-packages/telegram/request/_baserequest.py", line 327, in _request_wrapper
    raise Conflict(message)
telegram.error.Conflict: Conflict: terminated by other getUpdates request; make sure that only one bot instance is running
🤖 Starting Assistant-for-Rent Bot...
🔑 Token: 8143892418...
🚀 Bot is running...
ERROR in __main__: An error occurred
Update: None
Context: Conflict: terminated by other getUpdates request; make sure that only one bot instance is running
